<?xml version="1.0" encoding="UTF-8"?>
<testsuite xmlns:xsi="http://www.w3.org/2001/XMLSchema-instance" xsi:noNamespaceSchemaLocation="https://maven.apache.org/surefire/maven-failsafe-plugin/xsd/failsafe-test-report.xsd" name="com.padawanbr.alfredfood.domain.service.CozinhaServiceIT" time="5.368" tests="4" errors="0" skipped="0" failures="1">
  <properties>
[...]
</properties>
  <testcase name="deve_falhar_quando_excluir_cozinha_em_uso" classname="com.padawanbr.alfredfood.domain.service.CozinhaServiceIT" time="0.24"/>
  <testcase name="deve_falhar_quando_cadastrar_cozinha_sem_nome" classname="com.padawanbr.alfredfood.domain.service.CozinhaServiceIT" time="0.019">
    <failure message="Unexpected exception type thrown ==&gt; expected: &lt;javax.validation.ConstraintViolationException&gt; but was: &lt;org.springframework.dao.DataIntegrityViolationException&gt;" type="org.opentest4j.AssertionFailedError"><![CDATA[org.opentest4j.AssertionFailedError: Unexpected exception type thrown ==> expected: <javax.validation.ConstraintViolationException> but was: <org.springframework.dao.DataIntegrityViolationException>
	at com.padawanbr.alfredfood.domain.service.CozinhaServiceIT.deve_falhar_quando_cadastrar_cozinha_sem_nome(CozinhaServiceIT.java:39)
Caused by: org.springframework.dao.DataIntegrityViolationException: could not execute statement; SQL [n/a]; constraint [null]; nested exception is org.hibernate.exception.ConstraintViolationException: could not execute statement
	at com.padawanbr.alfredfood.domain.service.CozinhaServiceIT.lambda$deve_falhar_quando_cadastrar_cozinha_sem_nome$0(CozinhaServiceIT.java:40)
	at com.padawanbr.alfredfood.domain.service.CozinhaServiceIT.deve_falhar_quando_cadastrar_cozinha_sem_nome(CozinhaServiceIT.java:39)
Caused by: org.hibernate.exception.ConstraintViolationException: could not execute statement
	at com.padawanbr.alfredfood.domain.service.CozinhaServiceIT.lambda$deve_falhar_quando_cadastrar_cozinha_sem_nome$0(CozinhaServiceIT.java:40)
	at com.padawanbr.alfredfood.domain.service.CozinhaServiceIT.deve_falhar_quando_cadastrar_cozinha_sem_nome(CozinhaServiceIT.java:39)
Caused by: java.sql.SQLIntegrityConstraintViolationException: Column 'nome' cannot be null
	at com.padawanbr.alfredfood.domain.service.CozinhaServiceIT.lambda$deve_falhar_quando_cadastrar_cozinha_sem_nome$0(CozinhaServiceIT.java:40)
	at com.padawanbr.alfredfood.domain.service.CozinhaServiceIT.deve_falhar_quando_cadastrar_cozinha_sem_nome(CozinhaServiceIT.java:39)
]]></failure>
    <system-out><![CDATA[Hibernate: insert into cozinha (nome) values (?)
2023-02-06 13:48:49.322  WARN 2249 --- [           main] o.h.engine.jdbc.spi.SqlExceptionHelper   : SQL Error: 1048, SQLState: 23000
2023-02-06 13:48:49.322 ERROR 2249 --- [           main] o.h.engine.jdbc.spi.SqlExceptionHelper   : Column 'nome' cannot be null
]]></system-out>
  </testcase>
  <testcase name="deve_atribuirID_quando_cadastrar_cozinha_com_sucesos" classname="com.padawanbr.alfredfood.domain.service.CozinhaServiceIT" time="0.017"/>
  <testcase name="deve_falhar_quando_excluir_cozinha_inexistente" classname="com.padawanbr.alfredfood.domain.service.CozinhaServiceIT" time="0.009"/>
</testsuite>